<?xml version="1.0" encoding="UTF-8"?>
<testng-results ignored="0" total="1" passed="1" failed="0" skipped="0">
  <reporter-output>
  </reporter-output>
  <suite started-at="2023-05-26T22:59:24 IST" name="Suite" finished-at="2023-05-26T22:59:32 IST" duration-ms="7586">
    <groups>
    </groups>
    <test started-at="2023-05-26T22:59:24 IST" name="Test" finished-at="2023-05-26T22:59:32 IST" duration-ms="7586">
      <class name="testngtest.IjmeetBaseTestClass">
        <test-method signature="checkButtonClickOrNot()[pri:0, instance:testngtest.IjmeetBaseTestClass@40d10481]" started-at="2023-05-26T22:59:24 IST" name="checkButtonClickOrNot" finished-at="2023-05-26T22:59:32 IST" duration-ms="7548" status="PASS">
          <reporter-output>
          </reporter-output>
        </test-method> <!-- checkButtonClickOrNot -->
      </class> <!-- testngtest.IjmeetBaseTestClass -->
    </test> <!-- Test -->
  </suite> <!-- Suite -->
</testng-results>
